Removed Pin From Net: NetName=UART1_TX Pin=HD1-1
Removed Pin From Net: NetName=UART1_RX Pin=HD1-2
Removed Pin From Net: NetName=NetD1_2 Pin=J8-1
Removed Pin From Net: NetName=VCC Pin=J8-2
Removed Pin From Net: NetName=NetBT1_2- Pin=J8-3
Removed Pin From Net: NetName=TIM1_CH4 Pin=R3-1
Removed Pin From Net: NetName=AI2 Pin=R4-1
Removed Pin From Net: NetName=AI1 Pin=R5-1
Removed Pin From Net: NetName=STBY Pin=R7-1
Removed Pin From Net: NetName=BI1 Pin=R8-1
Removed Pin From Net: NetName=BI2 Pin=R10-1
Removed Pin From Net: NetName=TIM4_CH3 Pin=R12-1
Removed Pin From Net: NetName=TIM2_CH1 Pin=R15-2
Removed Pin From Net: NetName=TIM2_CH2 Pin=R17-2
Removed Pin From Net: NetName=A01 Pin=R18-2
Removed Pin From Net: NetName=A02 Pin=R19-2
Removed Pin From Net: NetName=TIM3_CH1 Pin=R20-2
Removed Pin From Net: NetName=TIM3_CH2 Pin=R21-2
Removed Pin From Net: NetName=B01 Pin=R22-2
Removed Pin From Net: NetName=B02 Pin=R23-2
Removed Pin From Net: NetName=GND Pin=U1-39
Removed Pin From Net: NetName=GND Pin=U1-40
Removed Member From Class: ClassName=Sheet1 Member=J8
Removed Member From Class: ClassName=Sheet1 Member=R3
Removed Member From Class: ClassName=Sheet1 Member=R4
Removed Member From Class: ClassName=Sheet1 Member=R5
Removed Member From Class: ClassName=Sheet1 Member=R7
Removed Member From Class: ClassName=Sheet1 Member=R8
Removed Member From Class: ClassName=Sheet1 Member=R10
Removed Member From Class: ClassName=Sheet1 Member=R12
Removed Member From Class: ClassName=Sheet1 Member=R15
Removed Member From Class: ClassName=Sheet1 Member=R17
Removed Member From Class: ClassName=Sheet1 Member=R18
Removed Member From Class: ClassName=Sheet1 Member=R19
Removed Member From Class: ClassName=Sheet1 Member=R20
Removed Member From Class: ClassName=Sheet1 Member=R21
Removed Member From Class: ClassName=Sheet1 Member=R22
Removed Member From Class: ClassName=Sheet1 Member=R23
Change Component Footprint: Designator=D1 Old Footprint=DIODE SMD New Footprint=Diode 1N4007
Change Component Footprint: Designator=HD1 Old Footprint=HEADER_2 New Footprint=Header_3
Change Component Comment : Designator=HD1 Old Comment=Header 2 New Comment=Header 3
Change Component Comment : Designator=D1 Old Comment=SS14 New Comment=100v
Change component parameters: Designator = "D1" ("D1"); Footprint = "DIODE SMD"; UniqueID = "\EPVBYPOA" ("\EPVBYPOA")
Change component parameters (AddParameter): Name = "Chung_Loai"; Value = "C?m"; VariantName = "[No Variations]"
Change component parameters (AddParameter): Name = "Don_Vi"; Value = "Con"; VariantName = "[No Variations]"
Change component parameters (AddParameter): Name = "Ghi Chu"; Value = ""; VariantName = "[No Variations]"
Change component parameters (AddParameter): Name = "Kieu_Chan"; Value = ""; VariantName = "[No Variations]"
Change component parameters (AddParameter): Name = "Ma_Hang"; Value = "MH001065"; VariantName = "[No Variations]"
Change component parameters (AddParameter): Name = "Ten_Linh_Kien"; Value = "Diode 1N4148 DO35 450mA 100V ( 1N4148 DIP)"; VariantName = "[No Variations]"
Change component parameters: Designator = "HD1" ("HD1"); Footprint = "HEADER_2"; UniqueID = "\QQXRJKHL" ("\QQXRJKHL")
Change component parameters (AddParameter): Name = "Value"; Value = "Header 3"; VariantName = "[No Variations]"
Added Component: Designator=AMS1117-3.3(ASM1117-3.3)
Added Pin To Net: NetName=NetD1_2 Pin=AMS1117-3.3-1
Added Pin To Net: NetName=NetBT1_2- Pin=AMS1117-3.3-2
Added Pin To Net: NetName=VCC Pin=AMS1117-3.3-3
Added Pin To Net: NetName=GND Pin=AMS1117-3.3-4
Added Pin To Net: NetName=GND Pin=HD1-1
Added Pin To Net: NetName=UART1_TX Pin=HD1-2
Added Pin To Net: NetName=UART1_RX Pin=HD1-3
Added Pin To Net: NetName=A01 Pin=J1-3
Added Pin To Net: NetName=A02 Pin=J1-4
Added Pin To Net: NetName=TIM2_CH1 Pin=J2-1
Added Pin To Net: NetName=TIM2_CH2 Pin=J2-2
Added Pin To Net: NetName=TIM3_CH1 Pin=J3-1
Added Pin To Net: NetName=TIM3_CH2 Pin=J3-2
Added Pin To Net: NetName=B01 Pin=J4-3
Added Pin To Net: NetName=B02 Pin=J4-4
Added Pin To Net: NetName=TIM4_CH3 Pin=TB1-10
Added Pin To Net: NetName=BI2 Pin=TB1-11
Added Pin To Net: NetName=BI1 Pin=TB1-12
Added Pin To Net: NetName=STBY Pin=TB1-13
Added Pin To Net: NetName=AI1 Pin=TB1-14
Added Pin To Net: NetName=AI2 Pin=TB1-15
Added Pin To Net: NetName=TIM1_CH4 Pin=TB1-16
Change Net Name : Old Net Name=NetBT1_2- New Net Name=NetAMS1117-3.3_2
Change Net Name : Old Net Name=NetD1_2 New Net Name=NetAMS1117-3.3_1
Added Member To Class: ClassName=Sheet1 Member=Component AMS1117-3.3
