Removed Pin From Net: NetName=NetAMS1_1 Pin=congtac1-2
Change Component Designator: OldDesignator=LED1 NewDesignator=LED2
Change Component Designator: OldDesignator=LED2 NewDesignator=LED3
Change Component Designator: OldDesignator=R15 NewDesignator=R16
Change Component Designator: OldDesignator=R16 NewDesignator=R15
Added Component: Designator=D1(DIODE SMD)
Add component (AddParameter): Name = "Chung_Loai"; Value = "Dán"; VariantName = "[No Variations]"
Add component (AddParameter): Name = "Don_Vi"; Value = "Con"; VariantName = "[No Variations]"
Add component (AddParameter): Name = "Ghi_Chu"; Value = ""; VariantName = "[No Variations]"
Add component (AddParameter): Name = "Kieu_Chan"; Value = ""; VariantName = "[No Variations]"
Add component (AddParameter): Name = "Ma_Hang"; Value = "MH002211"; VariantName = "[No Variations]"
Add component (AddParameter): Name = "Ten_Linh_Kien"; Value = "Diode SS14 DO214 Schottky 1A 40V ( 1N5819 DO214)"; VariantName = "[No Variations]"
Added Component: Designator=D2(Diode 1N4007)
Add component (AddParameter): Name = "Chung_Loai"; Value = "C?m"; VariantName = "[No Variations]"
Add component (AddParameter): Name = "Don_Vi"; Value = "Con"; VariantName = "[No Variations]"
Add component (AddParameter): Name = "Ghi Chu"; Value = ""; VariantName = "[No Variations]"
Add component (AddParameter): Name = "Kieu_Chan"; Value = ""; VariantName = "[No Variations]"
Add component (AddParameter): Name = "Ma_Hang"; Value = "MH001065"; VariantName = "[No Variations]"
Add component (AddParameter): Name = "Ten_Linh_Kien"; Value = "Diode 1N4148 DO35 450mA 100V ( 1N4148 DIP)"; VariantName = "[No Variations]"
Added Component: Designator=LED1(LED-52)
Add component (AddParameter): Name = "Value"; Value = "LED 3 - 5 ly 2 Colour"; VariantName = "[No Variations]"
Added Pin To Net: NetName=NetAMS1_1 Pin=D2-2
Added Pin To Net: NetName=GND Pin=LED1-2
Added Pin To Net: NetName=LED5 Pin=LED1-1
Added Pin To Net: NetName=LED5 Pin=U1-3
Added Net: Name=LED5
Added Pin To Net: NetName=LED6 Pin=LED1-3
Added Pin To Net: NetName=LED6 Pin=U1-4
Added Net: Name=LED6
Added Pin To Net: NetName=Netcongtac1_2 Pin=congtac1-2
Added Pin To Net: NetName=Netcongtac1_2 Pin=D2-1
Added Net: Name=Netcongtac1_2
Added Member To Class: ClassName=Sheet1 Member=Component D1 SS14
Added Member To Class: ClassName=Sheet1 Member=Component D2 100v
Added Member To Class: ClassName=Sheet1 Member=Component LED3 LED
