Removed Pin From Net: NetName=GND Pin=HD5-1
Change Component Designator: OldDesignator=SW? NewDesignator=SW1
Change Component Designator: OldDesignator=SW? NewDesignator=SW2
Added Component: Designator=HD8(Header_2)
Add component (AddParameter): Name = "Value"; Value = "Header 2"; VariantName = "[No Variations]"
Added Component: Designator=R1(RES 1/4W CFR25)
Add component (AddParameter): Name = "LatestRevisionDate"; Value = "17-Jul-2002"; VariantName = "[No Variations]"
Add component (AddParameter): Name = "LatestRevisionNote"; Value = "Re-released for DXP Platform."; VariantName = "[No Variations]"
Add component (AddParameter): Name = "PackageDescription"; Value = "Axial Device, Thru-Hole; 2 Leads; 0.4 in Pin Spacing"; VariantName = "[No Variations]"
Add component (AddParameter): Name = "PackageReference"; Value = "AXIAL-0.4"; VariantName = "[No Variations]"
Add component (AddParameter): Name = "Published"; Value = "8-Jun-2000"; VariantName = "[No Variations]"
Add component (AddParameter): Name = "Publisher"; Value = "Altium Limited"; VariantName = "[No Variations]"
Add component (AddParameter): Name = "Value"; Value = "4.7K"; VariantName = "[No Variations]"
Added Component: Designator=R2(RES 1/4W CFR25)
Add component (AddParameter): Name = "LatestRevisionDate"; Value = "17-Jul-2002"; VariantName = "[No Variations]"
Add component (AddParameter): Name = "LatestRevisionNote"; Value = "Re-released for DXP Platform."; VariantName = "[No Variations]"
Add component (AddParameter): Name = "PackageDescription"; Value = "Axial Device, Thru-Hole; 2 Leads; 0.4 in Pin Spacing"; VariantName = "[No Variations]"
Add component (AddParameter): Name = "PackageReference"; Value = "AXIAL-0.4"; VariantName = "[No Variations]"
Add component (AddParameter): Name = "Published"; Value = "8-Jun-2000"; VariantName = "[No Variations]"
Add component (AddParameter): Name = "Publisher"; Value = "Altium Limited"; VariantName = "[No Variations]"
Add component (AddParameter): Name = "Value"; Value = "4.7K"; VariantName = "[No Variations]"
Added Component: Designator=R3(RES 1/4W CFR25)
Add component (AddParameter): Name = "LatestRevisionDate"; Value = "17-Jul-2002"; VariantName = "[No Variations]"
Add component (AddParameter): Name = "LatestRevisionNote"; Value = "Re-released for DXP Platform."; VariantName = "[No Variations]"
Add component (AddParameter): Name = "PackageDescription"; Value = "Axial Device, Thru-Hole; 2 Leads; 0.4 in Pin Spacing"; VariantName = "[No Variations]"
Add component (AddParameter): Name = "PackageReference"; Value = "AXIAL-0.4"; VariantName = "[No Variations]"
Add component (AddParameter): Name = "Published"; Value = "8-Jun-2000"; VariantName = "[No Variations]"
Add component (AddParameter): Name = "Publisher"; Value = "Altium Limited"; VariantName = "[No Variations]"
Add component (AddParameter): Name = "Value"; Value = "4.7K"; VariantName = "[No Variations]"
Added Component: Designator=R4(RES 1/4W CFR25)
Add component (AddParameter): Name = "LatestRevisionDate"; Value = "17-Jul-2002"; VariantName = "[No Variations]"
Add component (AddParameter): Name = "LatestRevisionNote"; Value = "Re-released for DXP Platform."; VariantName = "[No Variations]"
Add component (AddParameter): Name = "PackageDescription"; Value = "Axial Device, Thru-Hole; 2 Leads; 0.4 in Pin Spacing"; VariantName = "[No Variations]"
Add component (AddParameter): Name = "PackageReference"; Value = "AXIAL-0.4"; VariantName = "[No Variations]"
Add component (AddParameter): Name = "Published"; Value = "8-Jun-2000"; VariantName = "[No Variations]"
Add component (AddParameter): Name = "Publisher"; Value = "Altium Limited"; VariantName = "[No Variations]"
Add component (AddParameter): Name = "Value"; Value = "4.7K"; VariantName = "[No Variations]"
Added Pin To Net: NetName=GND Pin=HD6-8
Added Pin To Net: NetName=VCC Pin=HD7-7
Added Pin To Net: NetName=+5 Pin=HD7-8
Added Pin To Net: NetName=VCC Pin=J2-1
Added Pin To Net: NetName=GND Pin=J2-2
Added Pin To Net: NetName=+5 Pin=J3-1
Added Pin To Net: NetName=VCC Pin=J5-1
Added Pin To Net: NetName=GND Pin=J5-2
Added Pin To Net: NetName=+5 Pin=J6-1
Added Pin To Net: NetName=VCC Pin=J7-1
Added Pin To Net: NetName=GND Pin=J7-2
Added Pin To Net: NetName=SCL Pin=R1-1
Added Pin To Net: NetName=VCC Pin=R1-2
Added Pin To Net: NetName=SDA Pin=R2-1
Added Pin To Net: NetName=VCC Pin=R2-2
Added Pin To Net: NetName=SCL Pin=R3-1
Added Pin To Net: NetName=VCC Pin=R3-2
Added Pin To Net: NetName=SDA Pin=R4-1
Added Pin To Net: NetName=VCC Pin=R4-2
Added Pin To Net: NetName=VCC Pin=SW1-1
Added Pin To Net: NetName=GND Pin=SW1-3
Added Pin To Net: NetName=VCC Pin=SW2-1
Added Pin To Net: NetName=GND Pin=SW2-3
Added Pin To Net: NetName=SCL Pin=U2-14
Added Pin To Net: NetName=SDA Pin=U2-15
Added Pin To Net: NetName=A01 Pin=HD7-5
Added Pin To Net: NetName=A01 Pin=J3-3
Added Net: Name=A01
Added Pin To Net: NetName=A02 Pin=HD7-4
Added Pin To Net: NetName=A02 Pin=J3-4
Added Net: Name=A02
Added Pin To Net: NetName=ADC_CB1 Pin=J2-3
Added Pin To Net: NetName=ADC_CB1 Pin=U2-25
Added Net: Name=ADC_CB1
Added Pin To Net: NetName=ADC_CB2 Pin=J5-3
Added Pin To Net: NetName=ADC_CB2 Pin=U2-26
Added Net: Name=ADC_CB2
Added Pin To Net: NetName=ADC_CB3 Pin=J7-3
Added Pin To Net: NetName=ADC_CB3 Pin=U2-27
Added Net: Name=ADC_CB3
Added Pin To Net: NetName=AI1 Pin=HD6-3
Added Pin To Net: NetName=AI1 Pin=U2-34
Added Net: Name=AI1
Added Pin To Net: NetName=AI2 Pin=HD6-2
Added Pin To Net: NetName=AI2 Pin=U2-33
Added Net: Name=AI2
Added Pin To Net: NetName=B01 Pin=HD7-2
Added Pin To Net: NetName=B01 Pin=J6-3
Added Net: Name=B01
Added Pin To Net: NetName=B02 Pin=HD7-3
Added Pin To Net: NetName=B02 Pin=J6-4
Added Net: Name=B02
Added Pin To Net: NetName=BI1 Pin=HD6-5
Added Pin To Net: NetName=BI1 Pin=U2-35
Added Net: Name=BI1
Added Pin To Net: NetName=BI2 Pin=HD6-6
Added Pin To Net: NetName=BI2 Pin=U2-36
Added Net: Name=BI2
Added Pin To Net: NetName=PGND Pin=HD5-1
Added Pin To Net: NetName=PGND Pin=HD7-1
Added Pin To Net: NetName=PGND Pin=HD7-6
Added Pin To Net: NetName=PGND Pin=J3-2
Added Pin To Net: NetName=PGND Pin=J6-2
Added Net: Name=PGND
Added Pin To Net: NetName=STBY Pin=HD6-4
Added Pin To Net: NetName=STBY Pin=U2-30
Added Net: Name=STBY
Added Pin To Net: NetName=SW1 Pin=SW1-2
Added Pin To Net: NetName=SW1 Pin=U2-1
Added Net: Name=SW1
Added Pin To Net: NetName=SW2 Pin=SW2-2
Added Pin To Net: NetName=SW2 Pin=U2-2
Added Net: Name=SW2
Added Pin To Net: NetName=TIM1_CH4 Pin=HD6-1
Added Pin To Net: NetName=TIM1_CH4 Pin=U2-8
Added Net: Name=TIM1_CH4
Added Pin To Net: NetName=TIM2_CH1 Pin=J1-1
Added Pin To Net: NetName=TIM2_CH1 Pin=U2-10
Added Net: Name=TIM2_CH1
Added Pin To Net: NetName=TIM2_CH2 Pin=J1-2
Added Pin To Net: NetName=TIM2_CH2 Pin=U2-11
Added Net: Name=TIM2_CH2
Added Pin To Net: NetName=TIM3_CH1 Pin=J4-1
Added Pin To Net: NetName=TIM3_CH1 Pin=U2-31
Added Net: Name=TIM3_CH1
Added Pin To Net: NetName=TIM3_CH2 Pin=J4-2
Added Pin To Net: NetName=TIM3_CH2 Pin=U2-32
Added Net: Name=TIM3_CH2
Added Pin To Net: NetName=TIM4_CH3 Pin=HD6-7
Added Pin To Net: NetName=TIM4_CH3 Pin=U2-16
Added Net: Name=TIM4_CH3
Added Pin To Net: NetName=UART1_RX Pin=HD8-2
Added Pin To Net: NetName=UART1_RX Pin=U2-7
Added Net: Name=UART1_RX
Added Pin To Net: NetName=UART1_TX Pin=HD8-1
Added Pin To Net: NetName=UART1_TX Pin=U2-6
Added Net: Name=UART1_TX
Added Member To Class: ClassName=Sheet1 Member=Component HD8 Header 2
Added Member To Class: ClassName=Sheet1 Member=Component R1 Res2
Added Member To Class: ClassName=Sheet1 Member=Component R2 Res2
Added Member To Class: ClassName=Sheet1 Member=Component R3 Res2
Added Member To Class: ClassName=Sheet1 Member=Component R4 Res2
Added Member To Class: ClassName=Sheet1 Member=Component SW1 SW
