Change Component Designator: Old Designator=AMS1117-3.3 New Designator=AMS1
Change Component Designator: Old Designator=C1 New Designator=C5
Change Component Designator: Old Designator=C2 New Designator=C6
Change Component Designator: Old Designator=C3 New Designator=C1
Change Component Designator: Old Designator=C4 New Designator=C2
Change Component Designator: Old Designator=C5 New Designator=C3
Change Component Designator: Old Designator=C6 New Designator=C4
Change Component Designator: Old Designator=congtac New Designator=congtac1
Change Component Designator: Old Designator=J1 New Designator=J2
Change Component Designator: Old Designator=J2 New Designator=J1
Change Component Designator: Old Designator=J3 New Designator=J4
Change Component Designator: Old Designator=J4 New Designator=J7
Change Component Designator: Old Designator=J5 New Designator=J3
Change Component Designator: Old Designator=J6 New Designator=J5
Change Component Designator: Old Designator=J7 New Designator=J6
Change Component Designator: Old Designator=mini560 New Designator=mini1
Change Component Designator: Old Designator=R3 New Designator=R7
Change Component Designator: Old Designator=R4 New Designator=R8
Change Component Designator: Old Designator=R5 New Designator=R3
Change Component Designator: Old Designator=R5 New Designator=R4
Change Component Designator: Old Designator=R5 New Designator=R6
Change Component Designator: Old Designator=R5 New Designator=R9
Change Component Designator: Old Designator=TB6612FNG New Designator=TB1
