Removed Pin From Net: NetName=GND Pin=HD2-1
Removed Pin From Net: NetName=VCC Pin=HD2-2
Removed Pin From Net: NetName=PGND Pin=HD5-1
Removed Pin From Net: NetName=+5 Pin=HD5-2
Removed Member From Class: ClassName=Sheet1 Member=HD2
Removed Member From Class: ClassName=Sheet1 Member=HD3
Removed Member From Class: ClassName=Sheet1 Member=HD4
Removed Member From Class: ClassName=Sheet1 Member=HD5
Change component parameters: Designator = "R3" ("R3"); Footprint = "RES 1/4W CFR25"; UniqueID = "\SERNEXBB" ("\SERNEXBB")
Change component parameters (AddParameter): Name = "LatestRevisionDate"; Value = "17-Jul-2002"; VariantName = "[No Variations]"
Change component parameters (AddParameter): Name = "LatestRevisionNote"; Value = "Re-released for DXP Platform."; VariantName = "[No Variations]"
Change component parameters (AddParameter): Name = "PackageDescription"; Value = "Axial Device, Thru-Hole; 2 Leads; 0.4 in Pin Spacing"; VariantName = "[No Variations]"
Change component parameters (AddParameter): Name = "PackageReference"; Value = "AXIAL-0.4"; VariantName = "[No Variations]"
Change component parameters (AddParameter): Name = "Published"; Value = "8-Jun-2000"; VariantName = "[No Variations]"
Change component parameters (AddParameter): Name = "Publisher"; Value = "Altium Limited"; VariantName = "[No Variations]"
Change component parameters (AddParameter): Name = "Value"; Value = "1K"; VariantName = "[No Variations]"
Change component parameters: Designator = "R4" ("R4"); Footprint = "RES 1/4W CFR25"; UniqueID = "\BJIQYXEV" ("\BJIQYXEV")
Change component parameters (AddParameter): Name = "LatestRevisionDate"; Value = "17-Jul-2002"; VariantName = "[No Variations]"
Change component parameters (AddParameter): Name = "LatestRevisionNote"; Value = "Re-released for DXP Platform."; VariantName = "[No Variations]"
Change component parameters (AddParameter): Name = "PackageDescription"; Value = "Axial Device, Thru-Hole; 2 Leads; 0.4 in Pin Spacing"; VariantName = "[No Variations]"
Change component parameters (AddParameter): Name = "PackageReference"; Value = "AXIAL-0.4"; VariantName = "[No Variations]"
Change component parameters (AddParameter): Name = "Published"; Value = "8-Jun-2000"; VariantName = "[No Variations]"
Change component parameters (AddParameter): Name = "Publisher"; Value = "Altium Limited"; VariantName = "[No Variations]"
Change component parameters (AddParameter): Name = "Value"; Value = "1K"; VariantName = "[No Variations]"
Added Component: Designator=AMS1117-3.3(ASM1117-3.3)
Added Component: Designator=mini560(mini540)
Added Pin To Net: NetName=GND Pin=AMS1117-3.3-1
Added Pin To Net: NetName=GND Pin=AMS1117-3.3-1
Added Pin To Net: NetName=VCC Pin=AMS1117-3.3-2
Added Pin To Net: NetName=VCC Pin=AMS1117-3.3-2
Added Pin To Net: NetName=PGND Pin=mini560-1
Added Pin To Net: NetName=PGND Pin=mini560-1
Added Pin To Net: NetName=PGND Pin=mini560-1
Added Pin To Net: NetName=PGND Pin=mini560-1
Added Pin To Net: NetName=PGND Pin=mini560-2
Added Pin To Net: NetName=PGND Pin=mini560-2
Added Pin To Net: NetName=PGND Pin=mini560-2
Added Pin To Net: NetName=PGND Pin=mini560-2
Add Pin To Net: Unknown Pin: Pin mini560-3
Add Pin To Net: Unknown Pin: Pin mini560-4
Add Pin To Net: Unknown Pin: Pin TB6612FNG-9
Add Pin To Net: Unknown Pin: Pin TB6612FNG-10
Add Pin To Net: Unknown Pin: Pin TB6612FNG-11
Add Pin To Net: Unknown Pin: Pin TB6612FNG-12
Add Pin To Net: Unknown Pin: Pin TB6612FNG-13
Add Pin To Net: Unknown Pin: Pin TB6612FNG-14
Add Pin To Net: Unknown Pin: Pin TB6612FNG-15
Add Pin To Net: Unknown Pin: Pin TB6612FNG-16
Added Pin To Net: NetName=NetAMS1117-3.3_1 Pin=AMS1117-3.3-1
Added Pin To Net: NetName=NetAMS1117-3.3_1 Pin=AMS1117-3.3-1
Added Pin To Net: NetName=NetAMS1117-3.3_1 Pin=BT1-1+
Added Pin To Net: NetName=NetAMS1117-3.3_1 Pin=mini560-1
Added Pin To Net: NetName=NetAMS1117-3.3_1 Pin=mini560-1
Added Pin To Net: NetName=NetAMS1117-3.3_1 Pin=mini560-1
Added Pin To Net: NetName=NetAMS1117-3.3_1 Pin=mini560-1
Added Pin To Net: NetName=NetAMS1117-3.3_1 Pin=mini560-2
Added Pin To Net: NetName=NetAMS1117-3.3_1 Pin=mini560-2
Added Pin To Net: NetName=NetAMS1117-3.3_1 Pin=mini560-2
Added Pin To Net: NetName=NetAMS1117-3.3_1 Pin=mini560-2
Added Net: Name=NetAMS1117-3.3_1
Added Pin To Net: NetName=NetAMS1117-3.3_2 Pin=AMS1117-3.3-2
Added Pin To Net: NetName=NetAMS1117-3.3_2 Pin=AMS1117-3.3-2
Added Pin To Net: NetName=NetAMS1117-3.3_2 Pin=BT1-1-
Added Net: Name=NetAMS1117-3.3_2
Added Member To Class: ClassName=Sheet1 Member=Component AMS1117-3.3
Added Member To Class: ClassName=Sheet1 Member=Component mini560
