Change Component Designator: OldDesignator=* NewDesignator=*1
Change Component Designator: OldDesignator=AMS1117-3.3 NewDesignator=AMS1
Change Component Designator: OldDesignator=HD8 NewDesignator=HD1
Change Component Designator: OldDesignator=J2 NewDesignator=J4
Change Component Designator: OldDesignator=J3 NewDesignator=J2
Change Component Designator: OldDesignator=J4 NewDesignator=J3
Change Component Designator: OldDesignator=J5 NewDesignator=J6
Change Component Designator: OldDesignator=J6 NewDesignator=J5
Change Component Designator: OldDesignator=mini560 NewDesignator=mini1
Change Component Designator: OldDesignator=R3 NewDesignator=R1
Change Component Designator: OldDesignator=R4 NewDesignator=R2
Change Component Designator: OldDesignator=TB6612FNG NewDesignator=TB1
Change Component Designator: OldDesignator=U2 NewDesignator=U1
Added Pin To Net: NetName=GND Pin=AMS1-1
Added Pin To Net: NetName=GND Pin=AMS1-1
Added Pin To Net: NetName=VCC Pin=AMS1-2
Added Pin To Net: NetName=VCC Pin=AMS1-2
Added Pin To Net: NetName=PGND Pin=mini1-1
Added Pin To Net: NetName=PGND Pin=mini1-1
Added Pin To Net: NetName=PGND Pin=mini1-1
Added Pin To Net: NetName=PGND Pin=mini1-1
Added Pin To Net: NetName=PGND Pin=mini1-2
Added Pin To Net: NetName=PGND Pin=mini1-2
Added Pin To Net: NetName=PGND Pin=mini1-2
Added Pin To Net: NetName=PGND Pin=mini1-2
Add Pin To Net: Unknown Pin: Pin mini1-3
Add Pin To Net: Unknown Pin: Pin mini1-4
Add Pin To Net: Unknown Pin: Pin TB1-9
Add Pin To Net: Unknown Pin: Pin TB1-10
Add Pin To Net: Unknown Pin: Pin TB1-11
Add Pin To Net: Unknown Pin: Pin TB1-12
Add Pin To Net: Unknown Pin: Pin TB1-13
Add Pin To Net: Unknown Pin: Pin TB1-14
Add Pin To Net: Unknown Pin: Pin TB1-15
Add Pin To Net: Unknown Pin: Pin TB1-16
Change Net Name : Old Net Name=NetAMS1117-3.3_1 New Net Name=NetAMS1_1
Added Pin To Net: NetName=NetAMS1_2 Pin=AMS1-2
Added Pin To Net: NetName=NetAMS1_2 Pin=AMS1-2
Added Pin To Net: NetName=NetAMS1_2 Pin=BT1-1-
Added Net: Name=NetAMS1_2
