Added Component: Designator=LED1(LED-52)
Add component (AddParameter): Name = "Value"; Value = "LED 3 - 5 ly 2 Colour"; VariantName = "[No Variations]"
Added Component: Designator=LED2(LED-52)
Add component (AddParameter): Name = "Value"; Value = "LED 3 - 5 ly 2 Colour"; VariantName = "[No Variations]"
Added Pin To Net: NetName=GND Pin=LED1-2
Added Pin To Net: NetName=GND Pin=LED2-2
Added Pin To Net: NetName=LED1 Pin=LED1-1
Added Pin To Net: NetName=LED1 Pin=U1-29
Added Net: Name=LED1
Added Pin To Net: NetName=LED2 Pin=LED1-3
Added Pin To Net: NetName=LED2 Pin=U1-28
Added Net: Name=LED2
Added Pin To Net: NetName=LED3 Pin=LED2-1
Added Pin To Net: NetName=LED3 Pin=U1-12
Added Net: Name=LED3
Added Pin To Net: NetName=LED4 Pin=LED2-3
Added Pin To Net: NetName=LED4 Pin=U1-13
Added Net: Name=LED4
Added Member To Class: ClassName=Sheet1 Member=Component LED1 LED
Added Member To Class: ClassName=Sheet1 Member=Component LED2 LED
