Removed Pin From Net: NetName=PGND Pin=TB1-1
Removed Pin From Net: NetName=PGND Pin=TB1-1
Removed Pin From Net: NetName=B01 Pin=TB1-2
Removed Pin From Net: NetName=B01 Pin=TB1-2
Removed Pin From Net: NetName=B02 Pin=TB1-3
Removed Pin From Net: NetName=B02 Pin=TB1-3
Removed Pin From Net: NetName=A02 Pin=TB1-4
Removed Pin From Net: NetName=A02 Pin=TB1-4
Removed Pin From Net: NetName=A01 Pin=TB1-5
Removed Pin From Net: NetName=A01 Pin=TB1-5
Removed Pin From Net: NetName=PGND Pin=TB1-6
Removed Pin From Net: NetName=PGND Pin=TB1-6
Removed Pin From Net: NetName=VCC Pin=TB1-7
Removed Pin From Net: NetName=VCC Pin=TB1-7
Removed Pin From Net: NetName=+5 Pin=TB1-8
Removed Pin From Net: NetName=+5 Pin=TB1-8
Removed Member From Class: ClassName=Sheet1 Member=TB1
Added Component: Designator=TB6612FNG(TB6612PNG)
Added Pin To Net: NetName=PGND Pin=TB6612FNG-1
Added Pin To Net: NetName=B01 Pin=TB6612FNG-2
Added Pin To Net: NetName=B02 Pin=TB6612FNG-3
Added Pin To Net: NetName=A02 Pin=TB6612FNG-4
Added Pin To Net: NetName=A01 Pin=TB6612FNG-5
Added Pin To Net: NetName=PGND Pin=TB6612FNG-6
Added Pin To Net: NetName=VCC Pin=TB6612FNG-7
Added Pin To Net: NetName=+5 Pin=TB6612FNG-8
Added Pin To Net: NetName=GND Pin=TB6612FNG-9
Added Pin To Net: NetName=TIM4_CH3 Pin=TB6612FNG-10
Added Pin To Net: NetName=BI2 Pin=TB6612FNG-11
Added Pin To Net: NetName=BI1 Pin=TB6612FNG-12
Added Pin To Net: NetName=STBY Pin=TB6612FNG-13
Added Pin To Net: NetName=AI1 Pin=TB6612FNG-14
Added Pin To Net: NetName=AI2 Pin=TB6612FNG-15
Added Pin To Net: NetName=TIM1_CH4 Pin=TB6612FNG-16
Added Member To Class: ClassName=Sheet1 Member=Component TB6612FNG
